
thbase_IMPORTS_start
	I_CreateThread
	I_DeleteThread

	I_StartThread 
	I_DelayThread

	I_GetThreadId 
	I_ExitDeleteThread
thbase_IMPORTS_end

thsemap_IMPORTS_start
	I_CreateSema
	I_DeleteSema
	I_SignalSema
	I_WaitSema
thsemap_IMPORTS_end

ioman_IMPORTS_start
	I_open
	I_close
	I_AddDrv
	I_DelDrv
ioman_IMPORTS_end

sysclib_IMPORTS_start
	I_memcpy
sysclib_IMPORTS_end

intrman_IMPORTS_start
	I_CpuSuspendIntr
	I_CpuResumeIntr
intrman_IMPORTS_end

stdio_IMPORTS_start
	I_printf
	I_puts
stdio_IMPORTS_end

sifcmd_IMPORTS_start
	I_sceSifInitRpc
	I_sceSifSetRpcQueue
	I_sceSifRegisterRpc
	I_sceSifRpcLoop
sifcmd_IMPORTS_end
