
#include "ioman_mod.h"

loadcore_IMPORTS_start
I_FlushDcache
I_FlushIcache
loadcore_IMPORTS_end

sysmem_IMPORTS_start
I_AllocSysMemory
I_QueryTotalFreeMemSize
sysmem_IMPORTS_end

sysclib_IMPORTS_start
I_strncpy
I_strcpy
I_strcat
I_memset
I_sprintf
sysclib_IMPORTS_end

stdio_IMPORTS_start
I_printf
stdio_IMPORTS_end

thsemap_IMPORTS_start
I_CreateSema
I_DeleteSema
I_iSignalSema
I_WaitSema
thsemap_IMPORTS_end

thbase_IMPORTS_start
I_CreateThread 
I_StartThread 
I_SleepThread 
I_GetThreadId 
I_DeleteThread
I_ExitDeleteThread
I_TerminateThread
thbase_IMPORTS_end

intrman_IMPORTS_start
I_CpuSuspendIntr
I_CpuResumeIntr
I_CpuEnableIntr
I_CpuDisableIntr
intrman_IMPORTS_end

iomanX_IMPORTS_start
I_open
I_close
I_read
I_write
I_lseek
I_AddDrv
I_DelDrv
I_mount
I_umount
iomanX_IMPORTS_end

sifcmd_IMPORTS_start
I_sceSifInitRpc 
I_sceSifSetRpcQueue 
I_sceSifRegisterRpc 
I_sceSifRpcLoop 
sifcmd_IMPORTS_end

libsd_IMPORTS_start
I_sceSdInit
I_sceSdSetIRQCallback
I_sceSdSetTransCallback
I_sceSdSetParam
I_sceSdGetParam
I_sceSdSetCoreAttr
I_sceSdGetCoreAttr
I_sceSdClearEffectWorkArea
I_sceSdSetAddr
I_sceSdGetAddr
I_sceSdSetEffectAttr
I_sceSdGetEffectAttr
I_sceSdVoiceTrans
I_sceSdBlockTrans
I_sceSdVoiceTransStatus
I_sceSdBlockTransStatus
I_sceSdSetTransIntrHandler
I_sceSdSetSpu2IntrHandler
libsd_IMPORTS_end
