sysmem_IMPORTS_start
I_AllocSysMemory
sysmem_IMPORTS_end

intrman_IMPORTS_start
I_RegisterIntrHandler
I_EnableIntr
I_DisableIntr
I_CpuEnableIntr
I_CpuSuspendIntr
I_CpuResumeIntr
intrman_IMPORTS_end

thbase_IMPORTS_start
I_CreateThread
I_StartThread
I_ReleaseWaitThread
I_GetThreadId
I_SleepThread
I_WakeupThread
I_DelayThread
thbase_IMPORTS_end

thevent_IMPORTS_start
I_CreateEventFlag
I_SetEventFlag
I_iSetEventFlag
I_ClearEventFlag
I_WaitEventFlag
I_PollEventFlag
thevent_IMPORTS_end

thsemap_IMPORTS_start
I_CreateSema
I_SignalSema
I_WaitSema
thsemap_IMPORTS_end

sifman_IMPORTS_start
I_sceSifInit
I_sceSifSetDma
I_sceSifDmaStat
I_sceSifCheckInit
sifman_IMPORTS_end

sifcmd_IMPORTS_start
I_sceSifInitRpc
I_sceSifRegisterRpc
I_sceSifSetRpcQueue
I_sceSifRpcLoop
sifcmd_IMPORTS_end

stdio_IMPORTS_start
I_printf
stdio_IMPORTS_end
