/*
#     ___  _ _      ___
#    |    | | |    |
# ___|    |   | ___|    PS2DEV Open Source Project.
#----------------------------------------------------------
# (c) 2005 by Eugene Plotnikov <e-plotnikov@operamail.com>
#
# Licensed under Academic Free License version 2.0
# Review ps2sdk README & LICENSE files for further details.
*/
intrman_IMPORTS_start
 I_EnableIntr
 I_DisableIntr
 I_RegisterIntrHandler
 I_CpuSuspendIntr
 I_CpuResumeIntr
intrman_IMPORTS_end

libsd_IMPORTS_start
 I_sceSdInit
 I_sceSdSetParam
 I_sceSdSetTransCallback
 I_sceSdBlockTrans
 I_sceSdBlockTransStatus
libsd_IMPORTS_end

loadcore_IMPORTS_start
 I_FlushDcache
loadcore_IMPORTS_end

sifcmd_IMPORTS_start
 I_sceSifInitRpc
 I_sceSifRegisterRpc
 I_sceSifSetRpcQueue
 I_sceSifRpcLoop
sifcmd_IMPORTS_end

sysclib_IMPORTS_start
 I_memcpy
 I_memset
sysclib_IMPORTS_end

thbase_IMPORTS_start
 I_CreateThread
 I_GetThreadId
 I_StartThread
thbase_IMPORTS_end

thsemap_IMPORTS_start
 I_CreateSema
 I_iSignalSema
 I_SignalSema
 I_WaitSema
thsemap_IMPORTS_end
